This file contains any messages produced by compilers while
running configure, to aid debugging if configure makes a mistake.

It was created by configure, which was
generated by GNU Autoconf 2.52.  Invocation command line was

  $ ./configure 

## ---------- ##
## Platform.  ##
## ---------- ##

hostname = kinowin
uname -m = i686
uname -r = 2.2.19pre17
uname -s = Linux
uname -v = #1 Tue Mar 13 22:37:59 EST 2001

/usr/bin/uname -p = unknown
/bin/uname -X     = unknown

/bin/arch              = i686
/usr/bin/arch -k       = unknown
/usr/convex/getsysinfo = unknown
hostinfo               = unknown
/bin/machine           = unknown
/usr/bin/oslevel       = unknown
/bin/universe          = unknown

PATH = /usr/local/bin:/usr/bin:/bin:/usr/bin/X11:/usr/games:/usr/X11R6/bin

## ------------ ##
## Core tests.  ##
## ------------ ##

configure:1108: PATH=".;."; conftest.sh
./configure: conftest.sh: command not found
configure:1111: $? = 127
configure:1157: checking for a BSD compatible install
configure:1206: result: /usr/bin/install -c
configure:1217: checking whether build environment is sane
configure:1260: result: yes
configure:1275: checking whether make sets ${MAKE}
configure:1295: result: yes
configure:1323: checking for working aclocal
configure:1330: result: found
configure:1338: checking for working autoconf
configure:1345: result: found
configure:1353: checking for working automake
configure:1360: result: found
configure:1368: checking for working autoheader
configure:1375: result: found
configure:1383: checking for working makeinfo
configure:1390: result: found
configure:1447: checking for gcc
configure:1462: found /usr/bin/gcc
configure:1470: result: gcc
configure:1698: checking for C compiler version
configure:1701: gcc --version </dev/null >&5
2.95.4
configure:1704: $? = 0
configure:1706: gcc -v </dev/null >&5
Reading specs from /usr/lib/gcc-lib/i386-linux/2.95.4/specs
gcc version 2.95.4 20010902 (Debian prerelease)
configure:1709: $? = 0
configure:1711: gcc -V </dev/null >&5
gcc: argument to `-V' is missing
configure:1714: $? = 1
configure:1734: checking for C compiler default output
configure:1737: gcc    conftest.c  >&5
configure:1740: $? = 0
configure:1769: result: a.out
configure:1774: checking whether the C compiler works
configure:1780: ./a.out
configure:1783: $? = 0
configure:1798: result: yes
configure:1805: checking whether we are cross compiling
configure:1807: result: no
configure:1810: checking for executable suffix
configure:1812: gcc -o conftest    conftest.c  >&5
configure:1815: $? = 0
configure:1837: result: 
configure:1843: checking for object suffix
configure:1861: gcc -c   conftest.c >&5
configure:1864: $? = 0
configure:1883: result: o
configure:1887: checking whether we are using the GNU C compiler
configure:1908: gcc -c   conftest.c >&5
configure:1911: $? = 0
configure:1914: test -s conftest.o
configure:1917: $? = 0
configure:1929: result: yes
configure:1935: checking whether gcc accepts -g
configure:1953: gcc -c -g  conftest.c >&5
configure:1956: $? = 0
configure:1959: test -s conftest.o
configure:1962: $? = 0
configure:1972: result: yes
configure:1999: gcc -c -g -O2  conftest.c >&5
conftest.c:2: parse error before `me'
configure:2002: $? = 1
configure: failed program was:
#ifndef __cplusplus
  choke me
#endif
configure:2149: checking for g++
configure:2164: found /usr/bin/g++
configure:2172: result: g++
configure:2187: checking for C++ compiler version
configure:2190: g++ --version </dev/null >&5
2.95.4
configure:2193: $? = 0
configure:2195: g++ -v </dev/null >&5
Reading specs from /usr/lib/gcc-lib/i386-linux/2.95.4/specs
gcc version 2.95.4 20010902 (Debian prerelease)
configure:2198: $? = 0
configure:2200: g++ -V </dev/null >&5
g++: argument to `-V' missing

configure:2203: $? = 1
configure:2206: checking whether we are using the GNU C++ compiler
configure:2227: g++ -c   conftest.cc >&5
configure:2230: $? = 0
configure:2233: test -s conftest.o
configure:2236: $? = 0
configure:2248: result: yes
configure:2254: checking whether g++ accepts -g
configure:2272: g++ -c -g  conftest.cc >&5
configure:2275: $? = 0
configure:2278: test -s conftest.o
configure:2281: $? = 0
configure:2291: result: yes
configure:2331: g++ -c -g -O2  conftest.cc >&5
configure:2334: $? = 0
configure:2337: test -s conftest.o
configure:2340: $? = 0
configure:2362: g++ -c -g -O2  conftest.cc >&5
configure:2365: $? = 0
configure:2368: test -s conftest.o
configure:2371: $? = 0
configure:2393: checking "whether g++ accepts -Wall -s"
configure:2411: gcc -c -g -O2  conftest.c >&5
configure:2414: $? = 0
configure:2417: test -s conftest.o
configure:2420: $? = 0
configure:2422: result: "yes"
configure:2443: checking for a BSD compatible install
configure:2492: result: /usr/bin/install -c
configure:2591: checking build system type
configure:2609: result: i686-pc-linux-gnu
configure:2616: checking host system type
configure:2630: result: i686-pc-linux-gnu
configure:2647: checking for ld used by GCC
configure:2711: result: /usr/bin/ld
configure:2720: checking if the linker (/usr/bin/ld) is GNU ld
GNU ld version 2.11.90.0.31 (with BFD 2.11.90.0.31)
configure:2732: result: yes
configure:2736: checking for /usr/bin/ld option to reload object files
configure:2743: result: -r
configure:2752: checking for BSD-compatible nm
configure:2787: result: /usr/bin/nm -B
configure:2791: checking whether ln -s works
configure:2795: result: yes
configure:2802: checking how to recognise dependant libraries
configure:2979: result: pass_all
configure:3114: checking how to run the C preprocessor
configure:3140: gcc -E  conftest.c
configure:3146: $? = 0
configure:3173: gcc -E  conftest.c
configure:3170: ac_nonexistent.h: No such file or directory
configure:3179: $? = 1
configure: failed program was:
#line 3169 "configure"
#include "confdefs.h"
#include <ac_nonexistent.h>
configure:3216: result: gcc -E
configure:3231: gcc -E  conftest.c
configure:3237: $? = 0
configure:3264: gcc -E  conftest.c
configure:3261: ac_nonexistent.h: No such file or directory
configure:3270: $? = 1
configure: failed program was:
#line 3260 "configure"
#include "confdefs.h"
#include <ac_nonexistent.h>
configure:3312: checking for dlfcn.h
configure:3322: gcc -E  conftest.c
configure:3328: $? = 0
configure:3347: result: yes
configure:3362: checking how to run the C++ preprocessor
configure:3384: g++ -E  conftest.cc
configure:3390: $? = 0
configure:3417: g++ -E  conftest.cc
configure:3414: ac_nonexistent.h: No such file or directory
configure:3423: $? = 1
configure: failed program was:
#line 3413 "configure"
#include "confdefs.h"
#include <ac_nonexistent.h>
configure:3460: result: g++ -E
configure:3475: g++ -E  conftest.cc
configure:3481: $? = 0
configure:3508: g++ -E  conftest.cc
configure:3505: ac_nonexistent.h: No such file or directory
configure:3514: $? = 1
configure: failed program was:
#line 3504 "configure"
#include "confdefs.h"
#include <ac_nonexistent.h>
configure:3556: checking the maximum length of command line arguments
configure:3605: result: 49153
configure:3613: checking command to parse /usr/bin/nm -B output from gcc object
configure:3698: g++ -c -Wall -s -g -O2  conftest.cc >&5
configure:3701: $? = 0
configure:3705: /usr/bin/nm -B conftest.o \| sed -n -e 's/^.*[ 	]\([ABCDGISTW][ABCDGISTW]*\)[ 	][ 	]*\(\)\([_A-Za-z][_A-Za-z0-9]*\)$/\1 \2\3 \3/p' \> conftest.nm
configure:3708: $? = 0
configure:3760: g++ -o conftest -Wall -s -g -O2   conftest.cc conftstm.o >&5
configure:3763: $? = 0
configure:3801: result: ok
configure:3805: checking for objdir
configure:3820: result: .libs
configure:3903: checking for ranlib
configure:3918: found /usr/bin/ranlib
configure:3927: result: ranlib
configure:3977: checking for strip
configure:3992: found /usr/bin/strip
configure:4001: result: strip
configure:4250: checking if gcc static flag  works
configure:4273: result: yes
configure:4287: checking if gcc supports -fno-rtti -fno-exceptions
configure:4311: result: yes
configure:4326: checking for gcc option to produce PIC
configure:4478: result: -fPIC
configure:4485: checking if gcc PIC flag -fPIC works
configure:4509: result: yes
configure:4533: checking if gcc supports -c -o file.o
configure:4574: result: yes
configure:4599: checking whether the gcc linker (/usr/bin/ld) supports shared libraries
configure:5360: result: yes
configure:5382: checking whether -lc should be explicitly linked in
configure:5387: gcc -c -g -O2  conftest.c >&5
configure:5390: $? = 0
configure:5404: gcc -shared conftest.o  -v -Wl,-soname -Wl,conftest -o conftest 2\>\&1 \| grep  -lc  \>/dev/null 2\>\&1
configure:5407: $? = 0
configure:5419: result: no
configure:5425: checking how to hardcode library paths into programs
configure:5449: result: immediate
configure:5463: checking whether stripping libraries is possible
configure:5468: result: yes
configure:5475: checking dynamic linker characteristics
configure:5896: result: GNU/Linux ld.so
configure:6439: checking if libtool supports shared libraries
configure:6441: result: yes
configure:6444: checking whether to build shared libraries
configure:6463: result: yes
configure:6466: checking whether to build static libraries
configure:6470: result: yes
configure:6549: creating libtool
configure:7259: checking whether the g++ linker (/usr/bin/ld) supports shared libraries
configure:7910: result: yes
configure:7926: g++ -c -Wall -s -g -O2  conftest.cc >&5
configure:7929: $? = 0
configure:8262: result: -fPIC
configure:8269: checking if g++ PIC flag -fPIC works
configure:8293: result: yes
configure:8317: checking if g++ supports -c -o file.o
configure:8358: result: yes
configure:8383: checking whether the g++ linker (/usr/bin/ld) supports shared libraries
configure:8386: result: yes
configure:8408: checking whether -lc should be explicitly linked in
configure:8413: g++ -c -Wall -s -g -O2  conftest.cc >&5
conftest.cc:1: warning: `int dummy' defined but not used
configure:8416: $? = 0
configure:8430: g++ -shared -nostdlib  conftest.o   -v -Wl,-soname -Wl,conftest -o conftest 2\>\&1 \| grep  -lc  \>/dev/null 2\>\&1
configure:8433: $? = 1
configure:8445: result: yes
configure:8451: checking how to hardcode library paths into programs
configure:8475: result: immediate
configure:8489: checking whether stripping libraries is possible
configure:8494: result: yes
configure:8501: checking dynamic linker characteristics
configure:8922: result: GNU/Linux ld.so
configure:9872: checking if gcj supports -fno-rtti -fno-exceptions
configure:9896: result: yes
configure:9911: checking for gcj option to produce PIC
configure:10063: result: -fPIC
configure:10070: checking if gcj PIC flag -fPIC works
configure:10094: result: no
configure:10118: checking if gcj supports -c -o file.o
configure:10159: result: no
configure:10184: checking whether the gcj linker (/usr/bin/ld) supports shared libraries
configure:10945: result: yes
configure:10967: checking whether -lc should be explicitly linked in
configure:10972: gcj -c -g -O2  conftest.java >&5
./configure: gcj: command not found
configure:10975: $? = 127
configure:11004: result: yes
configure:11010: checking how to hardcode library paths into programs
configure:11034: result: immediate
configure:11048: checking whether stripping libraries is possible
configure:11053: result: yes
configure:11060: checking dynamic linker characteristics
configure:11481: result: GNU/Linux ld.so
configure:12425: checking for ANSI C header files
configure:12439: gcc -E  conftest.c
configure:12445: $? = 0
configure:12532: gcc -o conftest -g -O2   conftest.c  >&5
configure:12535: $? = 0
configure:12537: ./conftest
configure:12540: $? = 0
configure:12553: result: yes
configure:12563: checking for gcc option to accept ANSI C
configure:12622: gcc  -c -g -O2  conftest.c >&5
configure:12625: $? = 0
configure:12628: test -s conftest.o
configure:12631: $? = 0
configure:12645: result: none needed
configure:12656: checking for function prototypes
configure:12659: result: yes
configure:12860: checking for gcc option to accept ANSI C
configure:12917: gcc  -c -g -O2  conftest.c >&5
configure:12920: $? = 0
configure:12923: test -s conftest.o
configure:12926: $? = 0
configure:12943: result: none needed
configure:12951: checking for an ANSI C-conforming const
configure:13015: gcc -c -g -O2  conftest.c >&5
configure:13018: $? = 0
configure:13021: test -s conftest.o
configure:13024: $? = 0
configure:13034: result: yes
configure:13044: checking for inline
configure:13061: gcc -c -g -O2  conftest.c >&5
configure:13064: $? = 0
configure:13067: test -s conftest.o
configure:13070: $? = 0
configure:13081: result: inline
configure:13184: creating ./config.status

## ----------------------- ##
## Running config.status.  ##
## ----------------------- ##

This file was extended by config.status 2.52, executed with
  CONFIG_FILES    = 
  CONFIG_HEADERS  = 
  CONFIG_LINKS    = 
  CONFIG_COMMANDS = 
  > ./config.status 
on kinowin

config.status:13663: creating Makefile
config.status:13663: creating src/Makefile
config.status:13663: creating data/Makefile
config.status:13755: creating src/config.h
config.status:13896: src/config.h is unchanged

## ----------------- ##
## Cache variables.  ##
## ----------------- ##

ac_cv_build=i686-pc-linux-gnu
ac_cv_build_alias=i686-pc-linux-gnu
ac_cv_c_compiler_gnu=yes
ac_cv_c_const=yes
ac_cv_c_inline=inline
ac_cv_cxx_compiler_gnu=yes
ac_cv_env_CC_set=
ac_cv_env_CC_value=
ac_cv_env_CFLAGS_set=
ac_cv_env_CFLAGS_value=
ac_cv_env_CPPFLAGS_set=
ac_cv_env_CPPFLAGS_value=
ac_cv_env_CPP_set=
ac_cv_env_CPP_value=
ac_cv_env_CXXCPP_set=
ac_cv_env_CXXCPP_value=
ac_cv_env_CXXFLAGS_set=
ac_cv_env_CXXFLAGS_value=
ac_cv_env_CXX_set=
ac_cv_env_CXX_value=
ac_cv_env_LDFLAGS_set=
ac_cv_env_LDFLAGS_value=
ac_cv_env_build_alias_set=
ac_cv_env_build_alias_value=
ac_cv_env_host_alias_set=
ac_cv_env_host_alias_value=
ac_cv_env_target_alias_set=
ac_cv_env_target_alias_value=
ac_cv_header_dlfcn_h=yes
ac_cv_header_stdc=yes
ac_cv_host=i686-pc-linux-gnu
ac_cv_host_alias=i686-pc-linux-gnu
ac_cv_objext=o
ac_cv_path_install=$'/usr/bin/install -c'
ac_cv_prog_CPP=$'gcc -E'
ac_cv_prog_CXXCPP=$'g++ -E'
ac_cv_prog_ac_ct_CC=gcc
ac_cv_prog_ac_ct_CXX=g++
ac_cv_prog_ac_ct_RANLIB=ranlib
ac_cv_prog_ac_ct_STRIP=strip
ac_cv_prog_cc_g=yes
ac_cv_prog_cc_stdc=
ac_cv_prog_cxx_g=yes
ac_cv_prog_make_make_set=yes
am_cv_prog_cc_stdc=
lt_cv_deplibs_check_method=pass_all
lt_cv_file_magic_cmd=$'$MAGIC_CMD'
lt_cv_file_magic_test_file=$'/lib/libc.so.5 /lib/libc.so.5.4.46 /lib/libc.so.6 /lib/libc-2.2.4.so'
lt_cv_ld_reload_flag=-r
lt_cv_objdir=.libs
lt_cv_path_LD=/usr/bin/ld
lt_cv_path_NM=$'/usr/bin/nm -B'
lt_cv_prog_compiler_c_o=yes
lt_cv_prog_compiler_c_o_CXX=yes
lt_cv_prog_compiler_c_o_GCJ=no
lt_cv_prog_compiler_rtti_exceptions=yes
lt_cv_prog_gnu_ld=yes
lt_cv_sys_global_symbol_pipe=$'sed -n -e \'s/^.*[ \t]\\([ABCDGISTW][ABCDGISTW]*\\)[ \t][ \t]*\\(\\)\\([_A-Za-z][_A-Za-z0-9]*\\)$/\\1 \\2\\3 \\3/p\''
lt_cv_sys_global_symbol_to_c_name_address=$'sed -n -e \'s/^: \\([^ ]*\\) $/  {\\"\\1\\", (lt_ptr) 0},/p\' -e \'s/^[BCDEGRST] \\([^ ]*\\) \\([^ ]*\\)$/  {"\\2", (lt_ptr) \\&\\2},/p\''
lt_cv_sys_global_symbol_to_cdecl=$'sed -n -e \'s/^. .* \\(.*\\)$/extern int \\1;/p\''
lt_cv_sys_max_cmd_len=49153
lt_lt_cv_prog_compiler_c_o=$'"yes"'
lt_lt_cv_prog_compiler_c_o_CXX=$'"yes"'
lt_lt_cv_prog_compiler_c_o_GCJ=$'"no"'
lt_lt_cv_sys_global_symbol_pipe=$'"sed -n -e \'s/^.*[ \t]\\\\([ABCDGISTW][ABCDGISTW]*\\\\)[ \t][ \t]*\\\\(\\\\)\\\\([_A-Za-z][_A-Za-z0-9]*\\\\)\\$/\\\\1 \\\\2\\\\3 \\\\3/p\'"'
lt_lt_cv_sys_global_symbol_to_c_name_address=$'"sed -n -e \'s/^: \\\\([^ ]*\\\\) \\$/  {\\\\\\"\\\\1\\\\\\", (lt_ptr) 0},/p\' -e \'s/^[BCDEGRST] \\\\([^ ]*\\\\) \\\\([^ ]*\\\\)\\$/  {\\"\\\\2\\", (lt_ptr) \\\\&\\\\2},/p\'"'
lt_lt_cv_sys_global_symbol_to_cdecl=$'"sed -n -e \'s/^. .* \\\\(.*\\\\)\\$/extern int \\\\1;/p\'"'

## ------------ ##
## confdefs.h.  ##
## ------------ ##

#define PACKAGE "Aiksaurus"
#define VERSION "0.12"
#define HAVE_DLFCN_H 1
#define STDC_HEADERS 1
#define PROTOTYPES 1


configure: exit 0

## ----------------------- ##
## Running config.status.  ##
## ----------------------- ##

This file was extended by config.status 2.52, executed with
  CONFIG_FILES    = src/Makefile
  CONFIG_HEADERS  = 
  CONFIG_LINKS    = 
  CONFIG_COMMANDS = 
  > ./config.status 
on kinowin

config.status:13663: creating src/Makefile

## ----------------------- ##
## Running config.status.  ##
## ----------------------- ##

This file was extended by config.status 2.52, executed with
  CONFIG_FILES    = Makefile
  CONFIG_HEADERS  = 
  CONFIG_LINKS    = 
  CONFIG_COMMANDS = 
  > ./config.status 
on kinowin

config.status:13663: creating Makefile
