This file contains any messages produced by compilers while
running configure, to aid debugging if configure makes a mistake.

It was created by configure, which was
generated by GNU Autoconf 2.52.  Invocation command line was

  $ ./configure 

## ---------- ##
## Platform.  ##
## ---------- ##

hostname = kinowin
uname -m = i686
uname -r = 2.2.19pre17
uname -s = Linux
uname -v = #1 Tue Mar 13 22:37:59 EST 2001

/usr/bin/uname -p = unknown
/bin/uname -X     = unknown

/bin/arch              = i686
/usr/bin/arch -k       = unknown
/usr/convex/getsysinfo = unknown
hostinfo               = unknown
/bin/machine           = unknown
/usr/bin/oslevel       = unknown
/bin/universe          = unknown

PATH = /sbin:/bin:/usr/sbin:/usr/bin:/usr/bin/X11:/usr/local/sbin:/usr/local/bin

## ------------ ##
## Core tests.  ##
## ------------ ##

configure:1111: PATH=".;."; conftest.sh
./configure: conftest.sh: command not found
configure:1114: $? = 127
configure:1160: checking for a BSD compatible install
configure:1209: result: /usr/bin/install -c
configure:1220: checking whether build environment is sane
configure:1263: result: yes
configure:1278: checking whether make sets ${MAKE}
configure:1298: result: yes
configure:1326: checking for working aclocal
configure:1333: result: found
configure:1341: checking for working autoconf
configure:1348: result: found
configure:1356: checking for working automake
configure:1363: result: found
configure:1371: checking for working autoheader
configure:1378: result: found
configure:1386: checking for working makeinfo
configure:1393: result: found
configure:1448: checking for gcc
configure:1463: found /usr/bin/gcc
configure:1471: result: gcc
configure:1699: checking for C compiler version
configure:1702: gcc --version </dev/null >&5
2.95.4
configure:1705: $? = 0
configure:1707: gcc -v </dev/null >&5
Reading specs from /usr/lib/gcc-lib/i386-linux/2.95.4/specs
gcc version 2.95.4 20010902 (Debian prerelease)
configure:1710: $? = 0
configure:1712: gcc -V </dev/null >&5
gcc: argument to `-V' is missing
configure:1715: $? = 1
configure:1735: checking for C compiler default output
configure:1738: gcc    conftest.c  >&5
configure:1741: $? = 0
configure:1770: result: a.out
configure:1775: checking whether the C compiler works
configure:1781: ./a.out
configure:1784: $? = 0
configure:1799: result: yes
configure:1806: checking whether we are cross compiling
configure:1808: result: no
configure:1811: checking for executable suffix
configure:1813: gcc -o conftest    conftest.c  >&5
configure:1816: $? = 0
configure:1838: result: 
configure:1844: checking for object suffix
configure:1862: gcc -c   conftest.c >&5
configure:1865: $? = 0
configure:1884: result: o
configure:1888: checking whether we are using the GNU C compiler
configure:1909: gcc -c   conftest.c >&5
configure:1912: $? = 0
configure:1915: test -s conftest.o
configure:1918: $? = 0
configure:1930: result: yes
configure:1936: checking whether gcc accepts -g
configure:1954: gcc -c -g  conftest.c >&5
configure:1957: $? = 0
configure:1960: test -s conftest.o
configure:1963: $? = 0
configure:1973: result: yes
configure:2000: gcc -c -g -O2  conftest.c >&5
conftest.c:2: parse error before `me'
configure:2003: $? = 1
configure: failed program was:
#ifndef __cplusplus
  choke me
#endif
configure:2150: checking for g++
configure:2165: found /usr/bin/g++
configure:2173: result: g++
configure:2188: checking for C++ compiler version
configure:2191: g++ --version </dev/null >&5
2.95.4
configure:2194: $? = 0
configure:2196: g++ -v </dev/null >&5
Reading specs from /usr/lib/gcc-lib/i386-linux/2.95.4/specs
gcc version 2.95.4 20010902 (Debian prerelease)
configure:2199: $? = 0
configure:2201: g++ -V </dev/null >&5
g++: argument to `-V' missing

configure:2204: $? = 1
configure:2207: checking whether we are using the GNU C++ compiler
configure:2228: g++ -c   conftest.cc >&5
configure:2231: $? = 0
configure:2234: test -s conftest.o
configure:2237: $? = 0
configure:2249: result: yes
configure:2255: checking whether g++ accepts -g
configure:2273: g++ -c -g  conftest.cc >&5
configure:2276: $? = 0
configure:2279: test -s conftest.o
configure:2282: $? = 0
configure:2292: result: yes
configure:2332: g++ -c -g -O2  conftest.cc >&5
configure:2335: $? = 0
configure:2338: test -s conftest.o
configure:2341: $? = 0
configure:2363: g++ -c -g -O2  conftest.cc >&5
configure:2366: $? = 0
configure:2369: test -s conftest.o
configure:2372: $? = 0
configure:2441: checking for gtk-config
configure:2458: found /usr/bin/gtk-config
configure:2470: result: /usr/bin/gtk-config
configure:2478: checking for GTK - version >= 0.99.7
configure:2581: gcc -o conftest -g -O2 -I/usr/include/gtk-1.2 -I/usr/include/glib-1.2 -I/usr/lib/glib/include -I/usr/X11R6/include   conftest.c -L/usr/lib -L/usr/X11R6/lib -lgtk -lgdk -rdynamic -lgmodule -lglib -ldl -lXi -lXext -lX11 -lm  >&5
configure:2584: $? = 0
configure:2586: ./conftest
configure:2589: $? = 0
configure:2605: result: yes
configure:2689: checking how to run the C preprocessor
configure:2715: gcc -E  conftest.c
configure:2721: $? = 0
configure:2748: gcc -E  conftest.c
configure:2745: ac_nonexistent.h: No such file or directory
configure:2754: $? = 1
configure: failed program was:
#line 2744 "configure"
#include "confdefs.h"
#include <ac_nonexistent.h>
configure:2791: result: gcc -E
configure:2806: gcc -E  conftest.c
configure:2812: $? = 0
configure:2839: gcc -E  conftest.c
configure:2836: ac_nonexistent.h: No such file or directory
configure:2845: $? = 1
configure: failed program was:
#line 2835 "configure"
#include "confdefs.h"
#include <ac_nonexistent.h>
configure:2884: checking for ANSI C header files
configure:2898: gcc -E  conftest.c
configure:2904: $? = 0
configure:2991: gcc -o conftest -g -O2   conftest.c  >&5
configure:2994: $? = 0
configure:2996: ./conftest
configure:2999: $? = 0
configure:3012: result: yes
configure:3026: checking "whether g++ accepts -Wall -s -g -O2 -I/usr/include/gtk-1.2 -I/usr/include/glib-1.2 -I/usr/lib/glib/include -I/usr/X11R6/include"
configure:3041: gcc -c -g -O2  conftest.c >&5
configure:3044: $? = 0
configure:3047: test -s conftest.o
configure:3050: $? = 0
configure:3052: result: "yes"
configure:3074: checking for a BSD compatible install
configure:3123: result: /usr/bin/install -c
configure:3222: checking build system type
configure:3240: result: i686-pc-linux-gnu
configure:3247: checking host system type
configure:3261: result: i686-pc-linux-gnu
configure:3278: checking for ld used by GCC
configure:3342: result: /usr/bin/ld
configure:3351: checking if the linker (/usr/bin/ld) is GNU ld
GNU ld version 2.11.90.0.31 (with BFD 2.11.90.0.31)
configure:3363: result: yes
configure:3367: checking for /usr/bin/ld option to reload object files
configure:3374: result: -r
configure:3383: checking for BSD-compatible nm
configure:3418: result: /usr/bin/nm -B
configure:3422: checking whether ln -s works
configure:3426: result: yes
configure:3433: checking how to recognise dependant libraries
configure:3610: result: pass_all
configure:3743: checking for dlfcn.h
configure:3753: gcc -E  conftest.c
configure:3759: $? = 0
configure:3778: result: yes
configure:3793: checking how to run the C++ preprocessor
configure:3815: g++ -E  conftest.cc
configure:3821: $? = 0
configure:3848: g++ -E  conftest.cc
configure:3845: ac_nonexistent.h: No such file or directory
configure:3854: $? = 1
configure: failed program was:
#line 3844 "configure"
#include "confdefs.h"
#include <ac_nonexistent.h>
configure:3891: result: g++ -E
configure:3906: g++ -E  conftest.cc
configure:3912: $? = 0
configure:3939: g++ -E  conftest.cc
configure:3936: ac_nonexistent.h: No such file or directory
configure:3945: $? = 1
configure: failed program was:
#line 3935 "configure"
#include "confdefs.h"
#include <ac_nonexistent.h>
configure:3987: checking the maximum length of command line arguments
configure:4036: result: 49153
configure:4044: checking command to parse /usr/bin/nm -B output from gcc object
configure:4129: g++ -c -Wall -s -g -O2 -I/usr/include/gtk-1.2 -I/usr/include/glib-1.2 -I/usr/lib/glib/include -I/usr/X11R6/include  conftest.cc >&5
configure:4132: $? = 0
configure:4136: /usr/bin/nm -B conftest.o \| sed -n -e 's/^.*[ 	]\([ABCDGISTW][ABCDGISTW]*\)[ 	][ 	]*\(\)\([_A-Za-z][_A-Za-z0-9]*\)$/\1 \2\3 \3/p' \> conftest.nm
configure:4139: $? = 0
configure:4191: g++ -o conftest -Wall -s -g -O2 -I/usr/include/gtk-1.2 -I/usr/include/glib-1.2 -I/usr/lib/glib/include -I/usr/X11R6/include  -lAiksaurus -L/usr/lib -L/usr/X11R6/lib -lgtk -lgdk -rdynamic -lgmodule -lglib -ldl -lXi -lXext -lX11 -lm conftest.cc conftstm.o >&5
configure:4194: $? = 0
configure:4232: result: ok
configure:4236: checking for objdir
configure:4251: result: .libs
configure:4334: checking for ranlib
configure:4349: found /usr/bin/ranlib
configure:4358: result: ranlib
configure:4408: checking for strip
configure:4423: found /usr/bin/strip
configure:4432: result: strip
configure:4681: checking if gcc static flag  works
configure:4704: result: yes
configure:4718: checking if gcc supports -fno-rtti -fno-exceptions
configure:4742: result: yes
configure:4757: checking for gcc option to produce PIC
configure:4909: result: -fPIC
configure:4916: checking if gcc PIC flag -fPIC works
configure:4940: result: yes
configure:4964: checking if gcc supports -c -o file.o
configure:5005: result: yes
configure:5030: checking whether the gcc linker (/usr/bin/ld) supports shared libraries
configure:5791: result: yes
configure:5813: checking whether -lc should be explicitly linked in
configure:5818: gcc -c -g -O2  conftest.c >&5
configure:5821: $? = 0
configure:5835: gcc -shared conftest.o  -v -Wl,-soname -Wl,conftest -o conftest 2\>\&1 \| grep  -lc  \>/dev/null 2\>\&1
configure:5838: $? = 0
configure:5850: result: no
configure:5856: checking how to hardcode library paths into programs
configure:5880: result: immediate
configure:5894: checking whether stripping libraries is possible
configure:5899: result: yes
configure:5906: checking dynamic linker characteristics
configure:6327: result: GNU/Linux ld.so
configure:6870: checking if libtool supports shared libraries
configure:6872: result: yes
configure:6875: checking whether to build shared libraries
configure:6894: result: yes
configure:6897: checking whether to build static libraries
configure:6901: result: yes
configure:6980: creating libtool
configure:7690: checking whether the g++ linker (/usr/bin/ld) supports shared libraries
configure:8341: result: yes
configure:8357: g++ -c -Wall -s -g -O2 -I/usr/include/gtk-1.2 -I/usr/include/glib-1.2 -I/usr/lib/glib/include -I/usr/X11R6/include  conftest.cc >&5
configure:8360: $? = 0
configure:8693: result: -fPIC
configure:8700: checking if g++ PIC flag -fPIC works
configure:8724: result: yes
configure:8748: checking if g++ supports -c -o file.o
configure:8789: result: yes
configure:8814: checking whether the g++ linker (/usr/bin/ld) supports shared libraries
configure:8817: result: yes
configure:8839: checking whether -lc should be explicitly linked in
configure:8844: g++ -c -Wall -s -g -O2 -I/usr/include/gtk-1.2 -I/usr/include/glib-1.2 -I/usr/lib/glib/include -I/usr/X11R6/include  conftest.cc >&5
conftest.cc:1: warning: `int dummy' defined but not used
configure:8847: $? = 0
configure:8861: g++ -shared -nostdlib  conftest.o   -v -Wl,-soname -Wl,conftest -o conftest 2\>\&1 \| grep  -lc  \>/dev/null 2\>\&1
configure:8864: $? = 1
configure:8876: result: yes
configure:8882: checking how to hardcode library paths into programs
configure:8906: result: immediate
configure:8920: checking whether stripping libraries is possible
configure:8925: result: yes
configure:8932: checking dynamic linker characteristics
configure:9353: result: GNU/Linux ld.so
configure:10303: checking if gcj supports -fno-rtti -fno-exceptions
configure:10327: result: yes
configure:10342: checking for gcj option to produce PIC
configure:10494: result: -fPIC
configure:10501: checking if gcj PIC flag -fPIC works
configure:10525: result: no
configure:10549: checking if gcj supports -c -o file.o
configure:10590: result: no
configure:10615: checking whether the gcj linker (/usr/bin/ld) supports shared libraries
configure:11376: result: yes
configure:11398: checking whether -lc should be explicitly linked in
configure:11403: gcj -c -g -O2  conftest.java >&5
./configure: gcj: command not found
configure:11406: $? = 127
configure:11435: result: yes
configure:11441: checking how to hardcode library paths into programs
configure:11465: result: immediate
configure:11479: checking whether stripping libraries is possible
configure:11484: result: yes
configure:11491: checking dynamic linker characteristics
configure:11912: result: GNU/Linux ld.so
configure:12894: checking for strip
configure:12917: result: strip
configure:13009: creating ./config.status

## ----------------------- ##
## Running config.status.  ##
## ----------------------- ##

This file was extended by config.status 2.52, executed with
  CONFIG_FILES    = 
  CONFIG_HEADERS  = 
  CONFIG_LINKS    = 
  CONFIG_COMMANDS = 
  > ./config.status 
on kinowin

config.status:13488: creating Makefile
config.status:13488: creating src/Makefile
config.status:13488: creating doc/Makefile
config.status:13519: error: cannot find input file: doc/Makefile.in

## ----------------- ##
## Cache variables.  ##
## ----------------- ##

ac_cv_build=i686-pc-linux-gnu
ac_cv_build_alias=i686-pc-linux-gnu
ac_cv_c_compiler_gnu=yes
ac_cv_cxx_compiler_gnu=yes
ac_cv_env_CC_set=
ac_cv_env_CC_value=
ac_cv_env_CFLAGS_set=
ac_cv_env_CFLAGS_value=
ac_cv_env_CPPFLAGS_set=
ac_cv_env_CPPFLAGS_value=
ac_cv_env_CPP_set=
ac_cv_env_CPP_value=
ac_cv_env_CXXCPP_set=
ac_cv_env_CXXCPP_value=
ac_cv_env_CXXFLAGS_set=
ac_cv_env_CXXFLAGS_value=
ac_cv_env_CXX_set=
ac_cv_env_CXX_value=
ac_cv_env_LDFLAGS_set=
ac_cv_env_LDFLAGS_value=
ac_cv_env_build_alias_set=
ac_cv_env_build_alias_value=
ac_cv_env_host_alias_set=
ac_cv_env_host_alias_value=
ac_cv_env_target_alias_set=
ac_cv_env_target_alias_value=
ac_cv_header_dlfcn_h=yes
ac_cv_header_stdc=yes
ac_cv_host=i686-pc-linux-gnu
ac_cv_host_alias=i686-pc-linux-gnu
ac_cv_objext=o
ac_cv_path_GTK_CONFIG=/usr/bin/gtk-config
ac_cv_path_install=$'/usr/bin/install -c'
ac_cv_prog_CPP=$'gcc -E'
ac_cv_prog_CXXCPP=$'g++ -E'
ac_cv_prog_ac_ct_CC=gcc
ac_cv_prog_ac_ct_CXX=g++
ac_cv_prog_ac_ct_RANLIB=ranlib
ac_cv_prog_ac_ct_STRIP=strip
ac_cv_prog_cc_g=yes
ac_cv_prog_cxx_g=yes
ac_cv_prog_make_make_set=yes
lt_cv_deplibs_check_method=pass_all
lt_cv_file_magic_cmd=$'$MAGIC_CMD'
lt_cv_file_magic_test_file=$'/lib/libc.so.5 /lib/libc.so.5.4.46 /lib/libc.so.6 /lib/libc-2.2.4.so'
lt_cv_ld_reload_flag=-r
lt_cv_objdir=.libs
lt_cv_path_LD=/usr/bin/ld
lt_cv_path_NM=$'/usr/bin/nm -B'
lt_cv_prog_compiler_c_o=yes
lt_cv_prog_compiler_c_o_CXX=yes
lt_cv_prog_compiler_c_o_GCJ=no
lt_cv_prog_compiler_rtti_exceptions=yes
lt_cv_prog_gnu_ld=yes
lt_cv_sys_global_symbol_pipe=$'sed -n -e \'s/^.*[ \t]\\([ABCDGISTW][ABCDGISTW]*\\)[ \t][ \t]*\\(\\)\\([_A-Za-z][_A-Za-z0-9]*\\)$/\\1 \\2\\3 \\3/p\''
lt_cv_sys_global_symbol_to_c_name_address=$'sed -n -e \'s/^: \\([^ ]*\\) $/  {\\"\\1\\", (lt_ptr) 0},/p\' -e \'s/^[BCDEGRST] \\([^ ]*\\) \\([^ ]*\\)$/  {"\\2", (lt_ptr) \\&\\2},/p\''
lt_cv_sys_global_symbol_to_cdecl=$'sed -n -e \'s/^. .* \\(.*\\)$/extern int \\1;/p\''
lt_cv_sys_max_cmd_len=49153
lt_lt_cv_prog_compiler_c_o=$'"yes"'
lt_lt_cv_prog_compiler_c_o_CXX=$'"yes"'
lt_lt_cv_prog_compiler_c_o_GCJ=$'"no"'
lt_lt_cv_sys_global_symbol_pipe=$'"sed -n -e \'s/^.*[ \t]\\\\([ABCDGISTW][ABCDGISTW]*\\\\)[ \t][ \t]*\\\\(\\\\)\\\\([_A-Za-z][_A-Za-z0-9]*\\\\)\\$/\\\\1 \\\\2\\\\3 \\\\3/p\'"'
lt_lt_cv_sys_global_symbol_to_c_name_address=$'"sed -n -e \'s/^: \\\\([^ ]*\\\\) \\$/  {\\\\\\"\\\\1\\\\\\", (lt_ptr) 0},/p\' -e \'s/^[BCDEGRST] \\\\([^ ]*\\\\) \\\\([^ ]*\\\\)\\$/  {\\"\\\\2\\", (lt_ptr) \\\\&\\\\2},/p\'"'
lt_lt_cv_sys_global_symbol_to_cdecl=$'"sed -n -e \'s/^. .* \\\\(.*\\\\)\\$/extern int \\\\1;/p\'"'

## ------------ ##
## confdefs.h.  ##
## ------------ ##

#define PACKAGE "AiksaurusGTK"
#define VERSION "0.12"
#define STDC_HEADERS 1
#define HAVE_DLFCN_H 1


configure: exit 1

## ----------------------- ##
## Running config.status.  ##
## ----------------------- ##

This file was extended by config.status 2.52, executed with
  CONFIG_FILES    = 
  CONFIG_HEADERS  = src/config.h
  CONFIG_LINKS    = 
  CONFIG_COMMANDS = 
  > ./config.status 
on kinowin

config.status:13580: creating src/config.h
config.status:13721: src/config.h is unchanged
